<?xml version="1.0" encoding="UTF-8"?>
<robot generator="Robot 7.1.1 (Python 3.13.1 on win32)" generated="2025-01-09T23:48:41.695295" rpa="false" schemaversion="5">
<suite id="s1" name="UAT-Lab7-002" source="D:\sofen\WebDemo-master\UAT-Lab7-002.robot">
<test id="s1-t1" name="Test case 1 : Empty Destination" line="17">
<kw name="Open Browser" owner="SeleniumLibrary">
<msg time="2025-01-09T23:48:42.225091" level="WARN">exexcutable_path is being deprecated. Please use service to configure the driver's executable_path as per documentation.</msg>
<msg time="2025-01-09T23:48:42.225797" level="INFO">Opening browser 'Chrome' to base url 'http://localhost:7272/Form.html'.</msg>
<arg>${BASE_URL}</arg>
<arg>Chrome</arg>
<arg>executable_path=${CHROME_DRIVER_PATH}</arg>
<doc>Opens a new browser instance to the optional ``url``.</doc>
<status status="PASS" start="2025-01-09T23:48:42.224546" elapsed="2.430438"/>
</kw>
<kw name="Set Selenium Speed" owner="SeleniumLibrary">
<arg>${DELAY}</arg>
<doc>Sets the delay that is waited after each Selenium command.</doc>
<status status="PASS" start="2025-01-09T23:48:44.660318" elapsed="0.000565"/>
</kw>
<kw name="Input Text" owner="SeleniumLibrary">
<msg time="2025-01-09T23:48:44.662420" level="INFO">Typing text 'Somsong' into text field 'id=firstname'.</msg>
<arg>id=firstname</arg>
<arg>${FIRST_NAME}</arg>
<doc>Types the given ``text`` into the text field identified by ``locator``.</doc>
<status status="PASS" start="2025-01-09T23:48:44.661602" elapsed="0.349622"/>
</kw>
<kw name="Input Text" owner="SeleniumLibrary">
<msg time="2025-01-09T23:48:45.012254" level="INFO">Typing text 'Sandee' into text field 'id=lastname'.</msg>
<arg>id=lastname</arg>
<arg>${LAST_NAME}</arg>
<doc>Types the given ``text`` into the text field identified by ``locator``.</doc>
<status status="PASS" start="2025-01-09T23:48:45.011761" elapsed="0.138698"/>
</kw>
<kw name="Input Text" owner="SeleniumLibrary">
<msg time="2025-01-09T23:48:45.152554" level="INFO">Typing text '' into text field 'id=destination'.</msg>
<arg>id=destination</arg>
<arg>${Empty}</arg>
<doc>Types the given ``text`` into the text field identified by ``locator``.</doc>
<status status="PASS" start="2025-01-09T23:48:45.151212" elapsed="0.097923"/>
</kw>
<kw name="Input Text" owner="SeleniumLibrary">
<msg time="2025-01-09T23:48:45.249991" level="INFO">Typing text 'Sodsai Sandee' into text field 'id=contactperson'.</msg>
<arg>id=contactperson</arg>
<arg>${CONTACT_PERSON}</arg>
<doc>Types the given ``text`` into the text field identified by ``locator``.</doc>
<status status="PASS" start="2025-01-09T23:48:45.249577" elapsed="0.108681"/>
</kw>
<kw name="Input Text" owner="SeleniumLibrary">
<msg time="2025-01-09T23:48:45.359165" level="INFO">Typing text 'Mother' into text field 'id=relationship'.</msg>
<arg>id=relationship</arg>
<arg>${RELATIONSHIP}</arg>
<doc>Types the given ``text`` into the text field identified by ``locator``.</doc>
<status status="PASS" start="2025-01-09T23:48:45.358685" elapsed="0.095295"/>
</kw>
<kw name="Input Text" owner="SeleniumLibrary">
<msg time="2025-01-09T23:48:45.454796" level="INFO">Typing text 'somsong@kkumail.com' into text field 'id=email'.</msg>
<arg>id=email</arg>
<arg>${EMAIL}</arg>
<doc>Types the given ``text`` into the text field identified by ``locator``.</doc>
<status status="PASS" start="2025-01-09T23:48:45.454437" elapsed="0.120099"/>
</kw>
<kw name="Input Text" owner="SeleniumLibrary">
<msg time="2025-01-09T23:48:45.575416" level="INFO">Typing text '081-111-1234' into text field 'id=phone'.</msg>
<arg>id=phone</arg>
<arg>${PHONE_NO}</arg>
<doc>Types the given ``text`` into the text field identified by ``locator``.</doc>
<status status="PASS" start="2025-01-09T23:48:45.574994" elapsed="0.106671"/>
</kw>
<kw name="Click Button" owner="SeleniumLibrary">
<msg time="2025-01-09T23:48:45.682716" level="INFO">Clicking button 'id=submitButton'.</msg>
<arg>id=submitButton</arg>
<doc>Clicks the button identified by ``locator``.</doc>
<status status="PASS" start="2025-01-09T23:48:45.682380" elapsed="0.211456"/>
</kw>
<kw name="Page Should Contain" owner="SeleniumLibrary">
<msg time="2025-01-09T23:48:46.227424" level="INFO" html="true">&lt;/td&gt;&lt;/tr&gt;&lt;tr&gt;&lt;td colspan="3"&gt;&lt;a href="selenium-screenshot-81.png"&gt;&lt;img src="selenium-screenshot-81.png" width="800px"&gt;&lt;/a&gt;</msg>
<msg time="2025-01-09T23:48:46.227872" level="FAIL">Page should have contained text '*Please enter Destination !!!' but did not.</msg>
<arg>*Please enter Destination !!!</arg>
<doc>Verifies that current page contains ``text``.</doc>
<status status="FAIL" start="2025-01-09T23:48:45.894840" elapsed="0.339785">Page should have contained text '*Please enter Destination !!!' but did not.</status>
</kw>
<kw name="Close Browser" owner="SeleniumLibrary">
<doc>Closes the current browser.</doc>
<status status="NOT RUN" start="2025-01-09T23:48:46.235089" elapsed="0.000052"/>
</kw>
<status status="FAIL" start="2025-01-09T23:48:42.222917" elapsed="4.012566">Page should have contained text '*Please enter Destination !!!' but did not.</status>
</test>
<test id="s1-t2" name="Test case 2 : Empty Email" line="31">
<kw name="Open Browser" owner="SeleniumLibrary">
<msg time="2025-01-09T23:48:46.237848" level="WARN">exexcutable_path is being deprecated. Please use service to configure the driver's executable_path as per documentation.</msg>
<msg time="2025-01-09T23:48:46.238478" level="INFO">Opening browser 'Chrome' to base url 'http://localhost:7272/Form.html'.</msg>
<arg>${BASE_URL}</arg>
<arg>Chrome</arg>
<arg>executable_path=${CHROME_DRIVER_PATH}</arg>
<doc>Opens a new browser instance to the optional ``url``.</doc>
<status status="PASS" start="2025-01-09T23:48:46.237415" elapsed="1.985232"/>
</kw>
<kw name="Set Selenium Speed" owner="SeleniumLibrary">
<arg>${DELAY}</arg>
<doc>Sets the delay that is waited after each Selenium command.</doc>
<status status="PASS" start="2025-01-09T23:48:48.223408" elapsed="0.000547"/>
</kw>
<kw name="Input Text" owner="SeleniumLibrary">
<msg time="2025-01-09T23:48:48.225154" level="INFO">Typing text 'Somsong' into text field 'id=firstname'.</msg>
<arg>id=firstname</arg>
<arg>${FIRST_NAME}</arg>
<doc>Types the given ``text`` into the text field identified by ``locator``.</doc>
<status status="PASS" start="2025-01-09T23:48:48.224605" elapsed="0.263934"/>
</kw>
<kw name="Input Text" owner="SeleniumLibrary">
<msg time="2025-01-09T23:48:48.490549" level="INFO">Typing text 'Sandee' into text field 'id=lastname'.</msg>
<arg>id=lastname</arg>
<arg>${LAST_NAME}</arg>
<doc>Types the given ``text`` into the text field identified by ``locator``.</doc>
<status status="PASS" start="2025-01-09T23:48:48.489691" elapsed="0.211264"/>
</kw>
<kw name="Input Text" owner="SeleniumLibrary">
<msg time="2025-01-09T23:48:48.705620" level="INFO">Typing text 'Europe' into text field 'id=destination'.</msg>
<arg>id=destination</arg>
<arg>${DESTINATION}</arg>
<doc>Types the given ``text`` into the text field identified by ``locator``.</doc>
<status status="PASS" start="2025-01-09T23:48:48.704890" elapsed="0.199607"/>
</kw>
<kw name="Input Text" owner="SeleniumLibrary">
<msg time="2025-01-09T23:48:48.907083" level="INFO">Typing text 'Sodsai Sandee' into text field 'id=contactperson'.</msg>
<arg>id=contactperson</arg>
<arg>${CONTACT_PERSON}</arg>
<doc>Types the given ``text`` into the text field identified by ``locator``.</doc>
<status status="PASS" start="2025-01-09T23:48:48.906164" elapsed="0.169091"/>
</kw>
<kw name="Input Text" owner="SeleniumLibrary">
<msg time="2025-01-09T23:48:49.076254" level="INFO">Typing text 'Mother' into text field 'id=relationship'.</msg>
<arg>id=relationship</arg>
<arg>${RELATIONSHIP}</arg>
<doc>Types the given ``text`` into the text field identified by ``locator``.</doc>
<status status="PASS" start="2025-01-09T23:48:49.075797" elapsed="0.122013"/>
</kw>
<kw name="Input Text" owner="SeleniumLibrary">
<msg time="2025-01-09T23:48:49.199330" level="INFO">Typing text '' into text field 'id=email'.</msg>
<arg>id=email</arg>
<arg>${Empty}</arg>
<doc>Types the given ``text`` into the text field identified by ``locator``.</doc>
<status status="PASS" start="2025-01-09T23:48:49.198324" elapsed="0.099329"/>
</kw>
<kw name="Input Text" owner="SeleniumLibrary">
<msg time="2025-01-09T23:48:49.298642" level="INFO">Typing text '081-111-1234' into text field 'id=phone'.</msg>
<arg>id=phone</arg>
<arg>${PHONE_NO}</arg>
<doc>Types the given ``text`` into the text field identified by ``locator``.</doc>
<status status="PASS" start="2025-01-09T23:48:49.298184" elapsed="0.108491"/>
</kw>
<kw name="Click Button" owner="SeleniumLibrary">
<msg time="2025-01-09T23:48:49.407788" level="INFO">Clicking button 'id=submitButton'.</msg>
<arg>id=submitButton</arg>
<doc>Clicks the button identified by ``locator``.</doc>
<status status="PASS" start="2025-01-09T23:48:49.407308" elapsed="0.108164"/>
</kw>
<kw name="Page Should Contain" owner="SeleniumLibrary">
<msg time="2025-01-09T23:48:49.534380" level="INFO">Current page contains text '*Please enter an email!!'.</msg>
<arg>*Please enter an email!!</arg>
<doc>Verifies that current page contains ``text``.</doc>
<status status="PASS" start="2025-01-09T23:48:49.515945" elapsed="0.018578"/>
</kw>
<kw name="Close Browser" owner="SeleniumLibrary">
<doc>Closes the current browser.</doc>
<status status="PASS" start="2025-01-09T23:48:49.534915" elapsed="2.432513"/>
</kw>
<status status="PASS" start="2025-01-09T23:48:46.236725" elapsed="5.731480"/>
</test>
<test id="s1-t3" name="Test case 3 : Invalid Email" line="45">
<kw name="Open Browser" owner="SeleniumLibrary">
<msg time="2025-01-09T23:48:51.973513" level="WARN">exexcutable_path is being deprecated. Please use service to configure the driver's executable_path as per documentation.</msg>
<msg time="2025-01-09T23:48:51.974616" level="INFO">Opening browser 'Chrome' to base url 'http://localhost:7272/Form.html'.</msg>
<arg>${BASE_URL}</arg>
<arg>Chrome</arg>
<arg>executable_path=${CHROME_DRIVER_PATH}</arg>
<doc>Opens a new browser instance to the optional ``url``.</doc>
<status status="PASS" start="2025-01-09T23:48:51.972481" elapsed="1.806620"/>
</kw>
<kw name="Set Selenium Speed" owner="SeleniumLibrary">
<arg>${DELAY}</arg>
<doc>Sets the delay that is waited after each Selenium command.</doc>
<status status="PASS" start="2025-01-09T23:48:53.787658" elapsed="0.000561"/>
</kw>
<kw name="Input Text" owner="SeleniumLibrary">
<msg time="2025-01-09T23:48:53.789363" level="INFO">Typing text 'Somsong' into text field 'id=firstname'.</msg>
<arg>id=firstname</arg>
<arg>${FIRST_NAME}</arg>
<doc>Types the given ``text`` into the text field identified by ``locator``.</doc>
<status status="PASS" start="2025-01-09T23:48:53.788795" elapsed="0.242112"/>
</kw>
<kw name="Input Text" owner="SeleniumLibrary">
<msg time="2025-01-09T23:48:54.032255" level="INFO">Typing text 'Sandee' into text field 'id=lastname'.</msg>
<arg>id=lastname</arg>
<arg>${LAST_NAME}</arg>
<doc>Types the given ``text`` into the text field identified by ``locator``.</doc>
<status status="PASS" start="2025-01-09T23:48:54.031568" elapsed="0.186370"/>
</kw>
<kw name="Input Text" owner="SeleniumLibrary">
<msg time="2025-01-09T23:48:54.219042" level="INFO">Typing text 'Europe' into text field 'id=destination'.</msg>
<arg>id=destination</arg>
<arg>${DESTINATION}</arg>
<doc>Types the given ``text`` into the text field identified by ``locator``.</doc>
<status status="PASS" start="2025-01-09T23:48:54.218575" elapsed="0.156286"/>
</kw>
<kw name="Input Text" owner="SeleniumLibrary">
<msg time="2025-01-09T23:48:54.376086" level="INFO">Typing text 'Sodsai Sandee' into text field 'id=contactperson'.</msg>
<arg>id=contactperson</arg>
<arg>${CONTACT_PERSON}</arg>
<doc>Types the given ``text`` into the text field identified by ``locator``.</doc>
<status status="PASS" start="2025-01-09T23:48:54.375422" elapsed="0.188624"/>
</kw>
<kw name="Input Text" owner="SeleniumLibrary">
<msg time="2025-01-09T23:48:54.566307" level="INFO">Typing text 'Mother' into text field 'id=relationship'.</msg>
<arg>id=relationship</arg>
<arg>${RELATIONSHIP}</arg>
<doc>Types the given ``text`` into the text field identified by ``locator``.</doc>
<status status="PASS" start="2025-01-09T23:48:54.565226" elapsed="0.137404"/>
</kw>
<kw name="Input Text" owner="SeleniumLibrary">
<msg time="2025-01-09T23:48:54.704315" level="INFO">Typing text 'somsong@' into text field 'id=email'.</msg>
<arg>id=email</arg>
<arg>somsong@</arg>
<doc>Types the given ``text`` into the text field identified by ``locator``.</doc>
<status status="PASS" start="2025-01-09T23:48:54.703586" elapsed="0.120992"/>
</kw>
<kw name="Input Text" owner="SeleniumLibrary">
<msg time="2025-01-09T23:48:54.825477" level="INFO">Typing text '081-111-1234' into text field 'id=phone'.</msg>
<arg>id=phone</arg>
<arg>${PHONE_NO}</arg>
<doc>Types the given ``text`` into the text field identified by ``locator``.</doc>
<status status="PASS" start="2025-01-09T23:48:54.825074" elapsed="0.135270"/>
</kw>
<kw name="Click Button" owner="SeleniumLibrary">
<msg time="2025-01-09T23:48:54.961370" level="INFO">Clicking button 'id=submitButton'.</msg>
<arg>id=submitButton</arg>
<doc>Clicks the button identified by ``locator``.</doc>
<status status="PASS" start="2025-01-09T23:48:54.960992" elapsed="0.119354"/>
</kw>
<kw name="Page Should Contain" owner="SeleniumLibrary">
<msg time="2025-01-09T23:48:55.098054" level="INFO">Current page contains text '*Please enter a valid email!!'.</msg>
<arg>*Please enter a valid email!!</arg>
<doc>Verifies that current page contains ``text``.</doc>
<status status="PASS" start="2025-01-09T23:48:55.080843" elapsed="0.017369"/>
</kw>
<kw name="Close Browser" owner="SeleniumLibrary">
<doc>Closes the current browser.</doc>
<status status="PASS" start="2025-01-09T23:48:55.098985" elapsed="2.412525"/>
</kw>
<status status="PASS" start="2025-01-09T23:48:51.970715" elapsed="5.541455"/>
</test>
<test id="s1-t4" name="Test case 4 : Empty Phone Number" line="59">
<kw name="Open Browser" owner="SeleniumLibrary">
<msg time="2025-01-09T23:48:57.515531" level="WARN">exexcutable_path is being deprecated. Please use service to configure the driver's executable_path as per documentation.</msg>
<msg time="2025-01-09T23:48:57.516471" level="INFO">Opening browser 'Chrome' to base url 'http://localhost:7272/Form.html'.</msg>
<arg>${BASE_URL}</arg>
<arg>Chrome</arg>
<arg>executable_path=${CHROME_DRIVER_PATH}</arg>
<doc>Opens a new browser instance to the optional ``url``.</doc>
<status status="PASS" start="2025-01-09T23:48:57.514760" elapsed="2.265310"/>
</kw>
<kw name="Set Selenium Speed" owner="SeleniumLibrary">
<arg>${DELAY}</arg>
<doc>Sets the delay that is waited after each Selenium command.</doc>
<status status="PASS" start="2025-01-09T23:48:59.780868" elapsed="0.000987"/>
</kw>
<kw name="Input Text" owner="SeleniumLibrary">
<msg time="2025-01-09T23:48:59.784846" level="INFO">Typing text 'Somsong' into text field 'id=firstname'.</msg>
<arg>id=firstname</arg>
<arg>${FIRST_NAME}</arg>
<doc>Types the given ``text`` into the text field identified by ``locator``.</doc>
<status status="PASS" start="2025-01-09T23:48:59.784041" elapsed="0.470796"/>
</kw>
<kw name="Input Text" owner="SeleniumLibrary">
<msg time="2025-01-09T23:49:00.259802" level="INFO">Typing text 'Sandee' into text field 'id=lastname'.</msg>
<arg>id=lastname</arg>
<arg>${LAST_NAME}</arg>
<doc>Types the given ``text`` into the text field identified by ``locator``.</doc>
<status status="PASS" start="2025-01-09T23:49:00.258894" elapsed="0.279958"/>
</kw>
<kw name="Input Text" owner="SeleniumLibrary">
<msg time="2025-01-09T23:49:00.540183" level="INFO">Typing text 'Europe' into text field 'id=destination'.</msg>
<arg>id=destination</arg>
<arg>${DESTINATION}</arg>
<doc>Types the given ``text`` into the text field identified by ``locator``.</doc>
<status status="PASS" start="2025-01-09T23:49:00.539526" elapsed="0.218090"/>
</kw>
<kw name="Input Text" owner="SeleniumLibrary">
<msg time="2025-01-09T23:49:00.758843" level="INFO">Typing text 'Sodsai Sandee' into text field 'id=contactperson'.</msg>
<arg>id=contactperson</arg>
<arg>${CONTACT_PERSON}</arg>
<doc>Types the given ``text`` into the text field identified by ``locator``.</doc>
<status status="PASS" start="2025-01-09T23:49:00.758255" elapsed="0.236277"/>
</kw>
<kw name="Input Text" owner="SeleniumLibrary">
<msg time="2025-01-09T23:49:00.995731" level="INFO">Typing text 'Mother' into text field 'id=relationship'.</msg>
<arg>id=relationship</arg>
<arg>${RELATIONSHIP}</arg>
<doc>Types the given ``text`` into the text field identified by ``locator``.</doc>
<status status="PASS" start="2025-01-09T23:49:00.995224" elapsed="0.138132"/>
</kw>
<kw name="Input Text" owner="SeleniumLibrary">
<msg time="2025-01-09T23:49:01.134811" level="INFO">Typing text 'somsong@kkumail.com' into text field 'id=email'.</msg>
<arg>id=email</arg>
<arg>${EMAIL}</arg>
<doc>Types the given ``text`` into the text field identified by ``locator``.</doc>
<status status="PASS" start="2025-01-09T23:49:01.134215" elapsed="0.136292"/>
</kw>
<kw name="Input Text" owner="SeleniumLibrary">
<msg time="2025-01-09T23:49:01.272500" level="INFO">Typing text '' into text field 'id=phone'.</msg>
<arg>id=phone</arg>
<arg>${Empty}</arg>
<doc>Types the given ``text`` into the text field identified by ``locator``.</doc>
<status status="PASS" start="2025-01-09T23:49:01.271220" elapsed="0.093310"/>
</kw>
<kw name="Click Button" owner="SeleniumLibrary">
<msg time="2025-01-09T23:49:01.365762" level="INFO">Clicking button 'id=submitButton'.</msg>
<arg>id=submitButton</arg>
<doc>Clicks the button identified by ``locator``.</doc>
<status status="PASS" start="2025-01-09T23:49:01.365390" elapsed="0.245086"/>
</kw>
<kw name="Page Should Contain" owner="SeleniumLibrary">
<msg time="2025-01-09T23:49:01.981188" level="INFO" html="true">&lt;/td&gt;&lt;/tr&gt;&lt;tr&gt;&lt;td colspan="3"&gt;&lt;a href="selenium-screenshot-82.png"&gt;&lt;img src="selenium-screenshot-82.png" width="800px"&gt;&lt;/a&gt;</msg>
<msg time="2025-01-09T23:49:01.981477" level="FAIL">Page should have contained text '*Please enter a phone number!!' but did not.</msg>
<arg>*Please enter a phone number!!</arg>
<doc>Verifies that current page contains ``text``.</doc>
<status status="FAIL" start="2025-01-09T23:49:01.619253" elapsed="0.363747">Page should have contained text '*Please enter a phone number!!' but did not.</status>
</kw>
<kw name="Close Browser" owner="SeleniumLibrary">
<doc>Closes the current browser.</doc>
<status status="NOT RUN" start="2025-01-09T23:49:01.983475" elapsed="0.000069"/>
</kw>
<status status="FAIL" start="2025-01-09T23:48:57.513601" elapsed="4.470418">Page should have contained text '*Please enter a phone number!!' but did not.</status>
</test>
<test id="s1-t5" name="Test case 5 : Invalid Phone Number" line="73">
<kw name="Open Browser" owner="SeleniumLibrary">
<msg time="2025-01-09T23:49:01.987465" level="WARN">exexcutable_path is being deprecated. Please use service to configure the driver's executable_path as per documentation.</msg>
<msg time="2025-01-09T23:49:01.988231" level="INFO">Opening browser 'Chrome' to base url 'http://localhost:7272/Form.html'.</msg>
<arg>${BASE_URL}</arg>
<arg>Chrome</arg>
<arg>executable_path=${CHROME_DRIVER_PATH}</arg>
<doc>Opens a new browser instance to the optional ``url``.</doc>
<status status="PASS" start="2025-01-09T23:49:01.986966" elapsed="1.953992"/>
</kw>
<kw name="Set Selenium Speed" owner="SeleniumLibrary">
<arg>${DELAY}</arg>
<doc>Sets the delay that is waited after each Selenium command.</doc>
<status status="PASS" start="2025-01-09T23:49:03.947199" elapsed="0.007548"/>
</kw>
<kw name="Input Text" owner="SeleniumLibrary">
<msg time="2025-01-09T23:49:03.992597" level="INFO">Typing text 'Somsong' into text field 'id=firstname'.</msg>
<arg>id=firstname</arg>
<arg>${FIRST_NAME}</arg>
<doc>Types the given ``text`` into the text field identified by ``locator``.</doc>
<status status="PASS" start="2025-01-09T23:49:03.991737" elapsed="0.299261"/>
</kw>
<kw name="Input Text" owner="SeleniumLibrary">
<msg time="2025-01-09T23:49:04.305102" level="INFO">Typing text 'Sandee' into text field 'id=lastname'.</msg>
<arg>id=lastname</arg>
<arg>${LAST_NAME}</arg>
<doc>Types the given ``text`` into the text field identified by ``locator``.</doc>
<status status="PASS" start="2025-01-09T23:49:04.304371" elapsed="0.302930"/>
</kw>
<kw name="Input Text" owner="SeleniumLibrary">
<msg time="2025-01-09T23:49:04.608758" level="INFO">Typing text 'Europe' into text field 'id=destination'.</msg>
<arg>id=destination</arg>
<arg>${DESTINATION}</arg>
<doc>Types the given ``text`` into the text field identified by ``locator``.</doc>
<status status="PASS" start="2025-01-09T23:49:04.608067" elapsed="0.212771"/>
</kw>
<kw name="Input Text" owner="SeleniumLibrary">
<msg time="2025-01-09T23:49:04.822202" level="INFO">Typing text 'Sodsai Sandee' into text field 'id=contactperson'.</msg>
<arg>id=contactperson</arg>
<arg>${CONTACT_PERSON}</arg>
<doc>Types the given ``text`` into the text field identified by ``locator``.</doc>
<status status="PASS" start="2025-01-09T23:49:04.821503" elapsed="0.213341"/>
</kw>
<kw name="Input Text" owner="SeleniumLibrary">
<msg time="2025-01-09T23:49:05.035756" level="INFO">Typing text 'Mother' into text field 'id=relationship'.</msg>
<arg>id=relationship</arg>
<arg>${RELATIONSHIP}</arg>
<doc>Types the given ``text`` into the text field identified by ``locator``.</doc>
<status status="PASS" start="2025-01-09T23:49:05.035389" elapsed="0.124326"/>
</kw>
<kw name="Input Text" owner="SeleniumLibrary">
<msg time="2025-01-09T23:49:05.160850" level="INFO">Typing text 'somsong@kkumail.com' into text field 'id=email'.</msg>
<arg>id=email</arg>
<arg>${EMAIL}</arg>
<doc>Types the given ``text`` into the text field identified by ``locator``.</doc>
<status status="PASS" start="2025-01-09T23:49:05.160308" elapsed="0.135457"/>
</kw>
<kw name="Input Text" owner="SeleniumLibrary">
<msg time="2025-01-09T23:49:05.296952" level="INFO">Typing text '191' into text field 'id=phone'.</msg>
<arg>id=phone</arg>
<arg>191</arg>
<doc>Types the given ``text`` into the text field identified by ``locator``.</doc>
<status status="PASS" start="2025-01-09T23:49:05.296448" elapsed="0.124519"/>
</kw>
<kw name="Click Button" owner="SeleniumLibrary">
<msg time="2025-01-09T23:49:05.422257" level="INFO">Clicking button 'id=submitButton'.</msg>
<arg>id=submitButton</arg>
<doc>Clicks the button identified by ``locator``.</doc>
<status status="PASS" start="2025-01-09T23:49:05.421779" elapsed="0.227195"/>
</kw>
<kw name="Page Should Contain" owner="SeleniumLibrary">
<msg time="2025-01-09T23:49:06.004030" level="INFO" html="true">&lt;/td&gt;&lt;/tr&gt;&lt;tr&gt;&lt;td colspan="3"&gt;&lt;a href="selenium-screenshot-83.png"&gt;&lt;img src="selenium-screenshot-83.png" width="800px"&gt;&lt;/a&gt;</msg>
<msg time="2025-01-09T23:49:06.004328" level="FAIL">Page should have contained text '*Please enter a valid phone number!!' but did not.</msg>
<arg>*Please enter a valid phone number!!</arg>
<doc>Verifies that current page contains ``text``.</doc>
<status status="FAIL" start="2025-01-09T23:49:05.649870" elapsed="0.356058">Page should have contained text '*Please enter a valid phone number!!' but did not.</status>
</kw>
<kw name="Close Browser" owner="SeleniumLibrary">
<doc>Closes the current browser.</doc>
<status status="NOT RUN" start="2025-01-09T23:49:06.006494" elapsed="0.000077"/>
</kw>
<status status="FAIL" start="2025-01-09T23:49:01.986036" elapsed="4.020942">Page should have contained text '*Please enter a valid phone number!!' but did not.</status>
</test>
<status status="FAIL" start="2025-01-09T23:48:41.698624" elapsed="24.309939"/>
</suite>
<statistics>
<total>
<stat pass="2" fail="3" skip="0">All Tests</stat>
</total>
<tag>
</tag>
<suite>
<stat pass="2" fail="3" skip="0" id="s1" name="UAT-Lab7-002">UAT-Lab7-002</stat>
</suite>
</statistics>
<errors>
<msg time="2025-01-09T23:48:42.225091" level="WARN">exexcutable_path is being deprecated. Please use service to configure the driver's executable_path as per documentation.</msg>
<msg time="2025-01-09T23:48:46.237848" level="WARN">exexcutable_path is being deprecated. Please use service to configure the driver's executable_path as per documentation.</msg>
<msg time="2025-01-09T23:48:51.973513" level="WARN">exexcutable_path is being deprecated. Please use service to configure the driver's executable_path as per documentation.</msg>
<msg time="2025-01-09T23:48:57.515531" level="WARN">exexcutable_path is being deprecated. Please use service to configure the driver's executable_path as per documentation.</msg>
<msg time="2025-01-09T23:49:01.987465" level="WARN">exexcutable_path is being deprecated. Please use service to configure the driver's executable_path as per documentation.</msg>
</errors>
</robot>
